<?xml version="1.0" encoding="UTF-8"?>
<!-- Generated by org.testng.reporters.JUnitXMLReporter -->
<testsuite ignored="0" hostname="Godsways-MBP" failures="1" tests="1" name="valid tests" time="18.916" errors="0" timestamp="2023-09-18T23:51:32 GMT">
  <testcase classname="tests.ValidCredential" name="correctCredentials" time="6.725">
    <failure type="java.lang.AssertionError" message="expected [true] but found [false]">
      <![CDATA[java.lang.AssertionError: expected [true] but found [false]
at tests.ValidCredential.correctCredentials(ValidCredential.java:34)
at java.base/java.util.ArrayList.forEach(ArrayList.java:1511)
... Removed 31 stack frames]]>
    </failure>
  </testcase> <!-- correctCredentials -->
</testsuite> <!-- valid tests -->
